[33m‚ùØ[39m Building...
[32m‚úî[39m Building...
Application bundle generation failed. [6.159 seconds] - 2025-12-05T02:03:05.375Z

‚ñ≤ [WARNING] NG8113: DecimalPipe is not used within the template of Dashboard [plugin angular-compiler]

    src/app/features/dashboard/dashboard.ts:20:4:
      20 ‚îÇ     DecimalPipe
         ‚ïµ     ~~~~~~~~~~~


X [ERROR] TS2322: Type 'number' is not assignable to type 'string'. [plugin angular-compiler]

    src/app/features/productos/detalle-producto/detalle-producto.html:53:18:
      53 ‚îÇ           <p-tag [value]="prod.stockActual" [severity]="getStockSe...
         ‚ïµ                   ~~~~~

  Error occurs in the template of component DetalleProducto.

    src/app/features/productos/detalle-producto/detalle-producto.ts:25:15:
      25 ‚îÇ   templateUrl: './detalle-producto.html',
         ‚ïµ                ~~~~~~~~~~~~~~~~~~~~~~~~~


X [ERROR] TS2322: Type '"warning"' is not assignable to type 'ButtonSeverity'. [plugin angular-compiler]

    src/app/features/productos/lista-productos/lista-productos.html:50:75:
      50 ‚îÇ ...n="pi pi-pencil" [rounded]="true" [text]="true" severity="warning"
         ‚ïµ                                                    ~~~~~~~~

  Error occurs in the template of component ListaProductos.

    src/app/features/productos/lista-productos/lista-productos.ts:39:15:
      39 ‚îÇ   templateUrl: './lista-productos.html',
         ‚ïµ                ~~~~~~~~~~~~~~~~~~~~~~~~


